mode: set
github.com/FrizkyErlang/bookings/cmd/web/main.go:21.13,23.16 2 0
github.com/FrizkyErlang/bookings/cmd/web/main.go:23.16,25.3 1 0
github.com/FrizkyErlang/bookings/cmd/web/main.go:27.2,35.16 4 0
github.com/FrizkyErlang/bookings/cmd/web/main.go:38.18,54.16 10 1
github.com/FrizkyErlang/bookings/cmd/web/main.go:54.16,57.3 2 0
github.com/FrizkyErlang/bookings/cmd/web/main.go:59.2,67.12 6 1
github.com/FrizkyErlang/bookings/cmd/web/middleware.go:10.53,11.71 1 0
github.com/FrizkyErlang/bookings/cmd/web/middleware.go:11.71,14.3 2 0
github.com/FrizkyErlang/bookings/cmd/web/middleware.go:18.45,29.2 3 1
github.com/FrizkyErlang/bookings/cmd/web/middleware.go:32.50,34.2 1 1
github.com/FrizkyErlang/bookings/cmd/web/routes.go:12.49,38.2 18 1
