mode: set
github.com/FrizkyErlang/bookings/internal/handlers/handlers.go:30.62,35.2 1 1
github.com/FrizkyErlang/bookings/internal/handlers/handlers.go:38.51,43.2 1 1
github.com/FrizkyErlang/bookings/internal/handlers/handlers.go:46.33,48.2 1 1
github.com/FrizkyErlang/bookings/internal/handlers/handlers.go:50.67,52.2 1 1
github.com/FrizkyErlang/bookings/internal/handlers/handlers.go:54.68,66.2 1 1
github.com/FrizkyErlang/bookings/internal/handlers/handlers.go:68.74,70.9 2 1
github.com/FrizkyErlang/bookings/internal/handlers/handlers.go:70.9,75.3 4 1
github.com/FrizkyErlang/bookings/internal/handlers/handlers.go:77.2,78.16 2 1
github.com/FrizkyErlang/bookings/internal/handlers/handlers.go:78.16,83.3 4 1
github.com/FrizkyErlang/bookings/internal/handlers/handlers.go:85.2,103.4 10 1
github.com/FrizkyErlang/bookings/internal/handlers/handlers.go:106.78,108.9 2 1
github.com/FrizkyErlang/bookings/internal/handlers/handlers.go:108.9,113.3 4 1
github.com/FrizkyErlang/bookings/internal/handlers/handlers.go:115.2,116.16 2 1
github.com/FrizkyErlang/bookings/internal/handlers/handlers.go:116.16,121.3 4 1
github.com/FrizkyErlang/bookings/internal/handlers/handlers.go:123.2,136.19 10 1
github.com/FrizkyErlang/bookings/internal/handlers/handlers.go:136.19,145.3 5 1
github.com/FrizkyErlang/bookings/internal/handlers/handlers.go:147.2,148.16 2 1
github.com/FrizkyErlang/bookings/internal/handlers/handlers.go:148.16,153.3 4 1
github.com/FrizkyErlang/bookings/internal/handlers/handlers.go:155.2,164.16 3 1
github.com/FrizkyErlang/bookings/internal/handlers/handlers.go:164.16,169.3 4 1
github.com/FrizkyErlang/bookings/internal/handlers/handlers.go:171.2,173.66 2 1
github.com/FrizkyErlang/bookings/internal/handlers/handlers.go:176.71,178.2 1 1
github.com/FrizkyErlang/bookings/internal/handlers/handlers.go:180.69,182.2 1 1
github.com/FrizkyErlang/bookings/internal/handlers/handlers.go:184.75,186.2 1 1
github.com/FrizkyErlang/bookings/internal/handlers/handlers.go:188.79,190.16 2 1
github.com/FrizkyErlang/bookings/internal/handlers/handlers.go:190.16,195.3 4 1
github.com/FrizkyErlang/bookings/internal/handlers/handlers.go:197.2,202.16 5 1
github.com/FrizkyErlang/bookings/internal/handlers/handlers.go:202.16,207.3 4 1
github.com/FrizkyErlang/bookings/internal/handlers/handlers.go:208.2,209.16 2 1
github.com/FrizkyErlang/bookings/internal/handlers/handlers.go:209.16,214.3 4 1
github.com/FrizkyErlang/bookings/internal/handlers/handlers.go:216.2,217.16 2 1
github.com/FrizkyErlang/bookings/internal/handlers/handlers.go:217.16,222.3 4 1
github.com/FrizkyErlang/bookings/internal/handlers/handlers.go:224.2,224.21 1 1
github.com/FrizkyErlang/bookings/internal/handlers/handlers.go:224.21,229.3 3 1
github.com/FrizkyErlang/bookings/internal/handlers/handlers.go:231.2,243.4 5 1
github.com/FrizkyErlang/bookings/internal/handlers/handlers.go:254.79,257.16 2 1
github.com/FrizkyErlang/bookings/internal/handlers/handlers.go:257.16,266.3 5 1
github.com/FrizkyErlang/bookings/internal/handlers/handlers.go:268.2,278.16 8 1
github.com/FrizkyErlang/bookings/internal/handlers/handlers.go:278.16,287.3 5 1
github.com/FrizkyErlang/bookings/internal/handlers/handlers.go:289.2,300.14 4 1
github.com/FrizkyErlang/bookings/internal/handlers/handlers.go:303.70,305.2 1 1
github.com/FrizkyErlang/bookings/internal/handlers/handlers.go:308.81,310.9 2 1
github.com/FrizkyErlang/bookings/internal/handlers/handlers.go:310.9,315.3 4 1
github.com/FrizkyErlang/bookings/internal/handlers/handlers.go:317.2,332.4 9 1
github.com/FrizkyErlang/bookings/internal/handlers/handlers.go:336.73,338.16 2 1
github.com/FrizkyErlang/bookings/internal/handlers/handlers.go:338.16,343.3 4 1
github.com/FrizkyErlang/bookings/internal/handlers/handlers.go:345.2,346.9 2 1
github.com/FrizkyErlang/bookings/internal/handlers/handlers.go:346.9,351.3 4 1
github.com/FrizkyErlang/bookings/internal/handlers/handlers.go:352.2,356.63 3 1
github.com/FrizkyErlang/bookings/internal/handlers/handlers.go:360.71,370.16 8 1
github.com/FrizkyErlang/bookings/internal/handlers/handlers.go:370.16,375.3 4 1
github.com/FrizkyErlang/bookings/internal/handlers/handlers.go:377.2,386.63 7 1
